<?xml version="1.0" encoding="UTF-8"?>
<testng-results ignored="0" total="3" passed="3" failed="0" skipped="0">
  <reporter-output>
    <line>
      <![CDATA[Facebook – log in or sign up]]>
    </line>
    <line>
      <![CDATA[https://www.facebook.com/login/?privacy_mutation_token=eyJ0eXBlIjowLCJjcmVhdGlvbl90aW1lIjoxNjQ0NjUyMzAwLCJjYWxsc2l0ZV9pZCI6MzgxMjI5MDc5NTc1OTQ2fQ%3D%3D]]>
    </line>
    <line>
      <![CDATA[Facebook – log in or sign up]]>
    </line>
    <line>
      <![CDATA[https://www.facebook.com/login/?privacy_mutation_token=eyJ0eXBlIjowLCJjcmVhdGlvbl90aW1lIjoxNjQ0NjUyMzAwLCJjYWxsc2l0ZV9pZCI6MzgxMjI5MDc5NTc1OTQ2fQ%3D%3D]]>
    </line>
    <line>
      <![CDATA[Facebook – log in or sign up]]>
    </line>
    <line>
      <![CDATA[https://www.facebook.com/login/?privacy_mutation_token=eyJ0eXBlIjowLCJjcmVhdGlvbl90aW1lIjoxNjQ0NjUyMzAwLCJjYWxsc2l0ZV9pZCI6MzgxMjI5MDc5NTc1OTQ2fQ%3D%3D]]>
    </line>
  </reporter-output>
  <suite started-at="2022-02-12T13:21:37 IST" name="Suite" finished-at="2022-02-12T13:21:58 IST" duration-ms="21219">
    <groups>
    </groups>
    <test started-at="2022-02-12T13:21:37 IST" name="Test3" finished-at="2022-02-12T13:21:57 IST" duration-ms="20425">
      <class name="testng.Parallel">
        <test-method signature="demo(java.lang.String)[pri:0, instance:testng.Parallel@1b1426f4]" started-at="2022-02-12T13:21:37 IST" name="demo" finished-at="2022-02-12T13:21:57 IST" duration-ms="20365" status="PASS">
          <params>
            <param index="0">
              <value>
                <![CDATA[chrome]]>
              </value>
            </param>
          </params>
          <reporter-output>
            <line>
              <![CDATA[Facebook – log in or sign up]]>
            </line>
            <line>
              <![CDATA[https://www.facebook.com/login/?privacy_mutation_token=eyJ0eXBlIjowLCJjcmVhdGlvbl90aW1lIjoxNjQ0NjUyMzAwLCJjYWxsc2l0ZV9pZCI6MzgxMjI5MDc5NTc1OTQ2fQ%3D%3D]]>
            </line>
          </reporter-output>
        </test-method> <!-- demo -->
      </class> <!-- testng.Parallel -->
    </test> <!-- Test3 -->
    <test started-at="2022-02-12T13:21:37 IST" name="Test2" finished-at="2022-02-12T13:21:58 IST" duration-ms="20816">
      <class name="testng.Parallel">
        <test-method signature="demo(java.lang.String)[pri:0, instance:testng.Parallel@5403f35f]" started-at="2022-02-12T13:21:37 IST" name="demo" finished-at="2022-02-12T13:21:58 IST" duration-ms="20775" status="PASS">
          <params>
            <param index="0">
              <value>
                <![CDATA[chrome]]>
              </value>
            </param>
          </params>
          <reporter-output>
            <line>
              <![CDATA[Facebook – log in or sign up]]>
            </line>
            <line>
              <![CDATA[https://www.facebook.com/login/?privacy_mutation_token=eyJ0eXBlIjowLCJjcmVhdGlvbl90aW1lIjoxNjQ0NjUyMzAwLCJjYWxsc2l0ZV9pZCI6MzgxMjI5MDc5NTc1OTQ2fQ%3D%3D]]>
            </line>
          </reporter-output>
        </test-method> <!-- demo -->
      </class> <!-- testng.Parallel -->
    </test> <!-- Test2 -->
    <test started-at="2022-02-12T13:21:37 IST" name="Test1" finished-at="2022-02-12T13:21:58 IST" duration-ms="21219">
      <class name="testng.Parallel">
        <test-method signature="demo(java.lang.String)[pri:0, instance:testng.Parallel@7671cb68]" started-at="2022-02-12T13:21:37 IST" name="demo" finished-at="2022-02-12T13:21:58 IST" duration-ms="21179" status="PASS">
          <params>
            <param index="0">
              <value>
                <![CDATA[chrome]]>
              </value>
            </param>
          </params>
          <reporter-output>
            <line>
              <![CDATA[Facebook – log in or sign up]]>
            </line>
            <line>
              <![CDATA[https://www.facebook.com/login/?privacy_mutation_token=eyJ0eXBlIjowLCJjcmVhdGlvbl90aW1lIjoxNjQ0NjUyMzAwLCJjYWxsc2l0ZV9pZCI6MzgxMjI5MDc5NTc1OTQ2fQ%3D%3D]]>
            </line>
          </reporter-output>
        </test-method> <!-- demo -->
      </class> <!-- testng.Parallel -->
    </test> <!-- Test1 -->
  </suite> <!-- Suite -->
</testng-results>
